<?xml version="1.0" encoding="UTF-8"?>
<testng-results ignored="0" total="1" passed="1" failed="0" skipped="0">
  <reporter-output>
  </reporter-output>
  <suite started-at="2025-06-18T10:41:31 IST" name="Default suite" finished-at="2025-06-18T10:41:35 IST" duration-ms="4585">
    <groups>
    </groups>
    <test started-at="2025-06-18T10:41:31 IST" name="Default test" finished-at="2025-06-18T10:41:35 IST" duration-ms="4585">
      <class name="Register.Signup">
        <test-method signature="LOGIN()[pri:0, instance:Register.Signup@1040be71]" started-at="2025-06-18T10:41:31 IST" name="LOGIN" finished-at="2025-06-18T10:41:35 IST" duration-ms="4383" status="PASS">
          <reporter-output>
          </reporter-output>
        </test-method> <!-- LOGIN -->
      </class> <!-- Register.Signup -->
    </test> <!-- Default test -->
  </suite> <!-- Default suite -->
</testng-results>
