<?xml version="1.0" encoding="UTF-8"?>
<testng-results total="1" passed="1" failed="0" skipped="0">
  <reporter-output>
  </reporter-output>
  <suite started-at="2025-03-27T09:55:17Z" name="Default suite" finished-at="2025-03-27T09:55:27Z" duration-ms="10231">
    <groups>
    </groups>
    <test started-at="2025-03-27T09:55:17Z" name="Default test" finished-at="2025-03-27T09:55:27Z" duration-ms="10231">
      <class name="testcases.NotificationMessages">
        <test-method signature="redirectlink()[pri:0, instance:testcases.NotificationMessages@7e057f43]" started-at="2025-03-27T15:25:17Z" name="redirectlink" finished-at="2025-03-27T15:25:27Z" duration-ms="10201" status="PASS">
          <reporter-output>
          </reporter-output>
        </test-method> <!-- redirectlink -->
      </class> <!-- testcases.NotificationMessages -->
    </test> <!-- Default test -->
  </suite> <!-- Default suite -->
</testng-results>
